[debug] [2022-10-13T09:51:43.913Z] ----------------------------------------------------------------------
[debug] [2022-10-13T09:51:43.916Z] Command:       C:\Program Files\nodejs\node.exe C:\Users\Harshal\AppData\Roaming\npm\node_modules\firebase-tools\lib\bin\firebase.js init
[debug] [2022-10-13T09:51:43.917Z] CLI Version:   9.23.3
[debug] [2022-10-13T09:51:43.917Z] Platform:      win32
[debug] [2022-10-13T09:51:43.918Z] Node Version:  v16.14.2
[debug] [2022-10-13T09:51:43.944Z] Time:          Thu Oct 13 2022 15:21:43 GMT+0530 (India Standard Time)
[debug] [2022-10-13T09:51:43.945Z] ----------------------------------------------------------------------
[debug] 
[debug] [2022-10-13T09:51:43.960Z] > command requires scopes: ["email","openid","https://www.googleapis.com/auth/cloudplatformprojects.readonly","https://www.googleapis.com/auth/firebase","https://www.googleapis.com/auth/cloud-platform"]
[debug] [2022-10-13T09:51:43.960Z] > authorizing via signed-in user (harshalkaigaonkar31@gmail.com)
[info] 
     ######## #### ########  ######## ########     ###     ######  ########
     ##        ##  ##     ## ##       ##     ##  ##   ##  ##       ##
     ######    ##  ########  ######   ########  #########  ######  ######
     ##        ##  ##    ##  ##       ##     ## ##     ##       ## ##
     ##       #### ##     ## ######## ########  ##     ##  ######  ########

You're about to initialize a Firebase project in this directory:

  C:\Users\Harshal\Desktop\otp-page

[info] 
=== Project Setup
[info] 
[info] First, let's associate this project directory with a Firebase project.
[info] You can create multiple project aliases by running firebase use --add, 
[info] but for now we'll just set up a default project.
[info] 
[debug] [2022-10-13T09:52:07.939Z] >>> [apiv2][query] GET https://firebase.googleapis.com/v1beta1/projects pageSize=100
[debug] [2022-10-13T09:52:09.462Z] <<< [apiv2][status] GET https://firebase.googleapis.com/v1beta1/projects 200
[debug] [2022-10-13T09:52:09.463Z] <<< [apiv2][body] GET https://firebase.googleapis.com/v1beta1/projects [omitted]
[info] i  Using project tweepsbook-test (tweepsbook-test) 
[info] 
=== Hosting Setup
[info] 
[info] Your public directory is the folder (relative to your project directory) that
[info] will contain Hosting assets to be uploaded with firebase deploy. If you
[info] have a build process for your assets, use your build's output directory.
[info] 
